   0  $accept : %entry% $end

   1  program : decls EOF

   2  decls :
   3        | decls vdecl
   4        | decls fdecl

   5  fdecl : typ ID LPAREN formals_opt RPAREN LBRACE vdecl_list stmt_list RBRACE

   6  formals_opt :
   7              | formal_list

   8  formal_list : typ ID
   9              | formal_list COMMA typ ID

  10  typ : INT
  11      | BOOL
  12      | STRING
  13      | FLOAT
  14      | MATRIX
  15      | VOID

  16  vdecl_list :
  17             | vdecl_list vdecl

  18  vdecl : typ ID SEMI
  19        | typ ID ASSIGN expr SEMI
  20        | typ ID ASSIGN INT LBRACKET row_list RBRACKET SEMI
  21        | typ ID ASSIGN FLOAT LBRACKET row_list RBRACKET SEMI

  22  row_list :
  23           | LBRACKET elems_list RBRACKET
  24           | row_list COMMA LBRACKET elems_list RBRACKET

  25  elems_list : LITERAL
  26             | elems_list COMMA LITERAL

  27  expr : LITERAL
  28       | FLIT
  29       | BLIT
  30       | ID
  31       | MX
  32       | expr PLUS expr
  33       | expr MINUS expr
  34       | expr TIMES expr
  35       | expr DIVIDE expr
  36       | expr MXPLUS expr
  37       | expr MXMINUS expr
  38       | expr MXMX expr
  39       | expr MXSCALE expr
  40       | expr TRANSPOSE
  41       | expr EQ expr
  42       | expr NEQ expr
  43       | expr LT expr
  44       | expr LEQ expr
  45       | expr GT expr
  46       | expr GEQ expr
  47       | expr AND expr
  48       | expr OR expr
  49       | MINUS expr
  50       | NOT expr
  51       | ID ASSIGN expr
  52       | ID LPAREN args_opt RPAREN
  53       | LPAREN expr RPAREN

  54  stmt : expr SEMI
  55       | RETURN expr_opt SEMI
  56       | LBRACE stmt_list RBRACE
  57       | IF LPAREN expr RPAREN stmt
  58       | IF LPAREN expr RPAREN stmt ELSE stmt
  59       | FOR LPAREN expr_opt SEMI expr SEMI expr_opt RPAREN stmt
  60       | WHILE LPAREN expr RPAREN stmt

  61  stmt_list :
  62            | stmt_list stmt

  63  expr_opt :
  64           | expr

  65  args_opt :
  66           | args_list

  67  args_list : expr
  68            | args_list COMMA expr

  69  %entry% : '\001' program

state 0
	$accept : . %entry% $end  (0)

	'\001'  shift 1
	.  error

	%entry%  goto 2


state 1
	%entry% : '\001' . program  (69)
	decls : .  (2)

	.  reduce 2

	program  goto 3
	decls  goto 4


state 2
	$accept : %entry% . $end  (0)

	$end  accept


state 3
	%entry% : '\001' program .  (69)

	.  reduce 69


state 4
	program : decls . EOF  (1)
	decls : decls . vdecl  (3)
	decls : decls . fdecl  (4)

	INT  shift 5
	BOOL  shift 6
	FLOAT  shift 7
	STRING  shift 8
	MATRIX  shift 9
	VOID  shift 10
	EOF  shift 11
	.  error

	vdecl  goto 12
	fdecl  goto 13
	typ  goto 14


state 5
	typ : INT .  (10)

	.  reduce 10


state 6
	typ : BOOL .  (11)

	.  reduce 11


state 7
	typ : FLOAT .  (13)

	.  reduce 13


state 8
	typ : STRING .  (12)

	.  reduce 12


state 9
	typ : MATRIX .  (14)

	.  reduce 14


state 10
	typ : VOID .  (15)

	.  reduce 15


state 11
	program : decls EOF .  (1)

	.  reduce 1


state 12
	decls : decls vdecl .  (3)

	.  reduce 3


state 13
	decls : decls fdecl .  (4)

	.  reduce 4


state 14
	fdecl : typ . ID LPAREN formals_opt RPAREN LBRACE vdecl_list stmt_list RBRACE  (5)
	vdecl : typ . ID SEMI  (18)
	vdecl : typ . ID ASSIGN expr SEMI  (19)
	vdecl : typ . ID ASSIGN INT LBRACKET row_list RBRACKET SEMI  (20)
	vdecl : typ . ID ASSIGN FLOAT LBRACKET row_list RBRACKET SEMI  (21)

	ID  shift 15
	.  error


state 15
	fdecl : typ ID . LPAREN formals_opt RPAREN LBRACE vdecl_list stmt_list RBRACE  (5)
	vdecl : typ ID . SEMI  (18)
	vdecl : typ ID . ASSIGN expr SEMI  (19)
	vdecl : typ ID . ASSIGN INT LBRACKET row_list RBRACKET SEMI  (20)
	vdecl : typ ID . ASSIGN FLOAT LBRACKET row_list RBRACKET SEMI  (21)

	LPAREN  shift 16
	SEMI  shift 17
	ASSIGN  shift 18
	.  error


state 16
	fdecl : typ ID LPAREN . formals_opt RPAREN LBRACE vdecl_list stmt_list RBRACE  (5)
	formals_opt : .  (6)

	INT  shift 5
	BOOL  shift 6
	FLOAT  shift 7
	STRING  shift 8
	MATRIX  shift 9
	VOID  shift 10
	RPAREN  reduce 6

	typ  goto 19
	formals_opt  goto 20
	formal_list  goto 21


state 17
	vdecl : typ ID SEMI .  (18)

	.  reduce 18


state 18
	vdecl : typ ID ASSIGN . expr SEMI  (19)
	vdecl : typ ID ASSIGN . INT LBRACKET row_list RBRACKET SEMI  (20)
	vdecl : typ ID ASSIGN . FLOAT LBRACKET row_list RBRACKET SEMI  (21)

	LPAREN  shift 22
	MINUS  shift 23
	NOT  shift 24
	INT  shift 25
	FLOAT  shift 26
	LITERAL  shift 27
	ID  shift 28
	FLIT  shift 29
	BLIT  shift 30
	MX  shift 31
	.  error

	expr  goto 32


state 19
	formal_list : typ . ID  (8)

	ID  shift 33
	.  error


state 20
	fdecl : typ ID LPAREN formals_opt . RPAREN LBRACE vdecl_list stmt_list RBRACE  (5)

	RPAREN  shift 34
	.  error


state 21
	formals_opt : formal_list .  (7)
	formal_list : formal_list . COMMA typ ID  (9)

	COMMA  shift 35
	RPAREN  reduce 7


state 22
	expr : LPAREN . expr RPAREN  (53)

	LPAREN  shift 22
	MINUS  shift 23
	NOT  shift 24
	LITERAL  shift 27
	ID  shift 28
	FLIT  shift 29
	BLIT  shift 30
	MX  shift 31
	.  error

	expr  goto 36


state 23
	expr : MINUS . expr  (49)

	LPAREN  shift 22
	MINUS  shift 23
	NOT  shift 24
	LITERAL  shift 27
	ID  shift 28
	FLIT  shift 29
	BLIT  shift 30
	MX  shift 31
	.  error

	expr  goto 37


state 24
	expr : NOT . expr  (50)

	LPAREN  shift 22
	MINUS  shift 23
	NOT  shift 24
	LITERAL  shift 27
	ID  shift 28
	FLIT  shift 29
	BLIT  shift 30
	MX  shift 31
	.  error

	expr  goto 38


state 25
	vdecl : typ ID ASSIGN INT . LBRACKET row_list RBRACKET SEMI  (20)

	LBRACKET  shift 39
	.  error


state 26
	vdecl : typ ID ASSIGN FLOAT . LBRACKET row_list RBRACKET SEMI  (21)

	LBRACKET  shift 40
	.  error


state 27
	expr : LITERAL .  (27)

	.  reduce 27


state 28
	expr : ID .  (30)
	expr : ID . ASSIGN expr  (51)
	expr : ID . LPAREN args_opt RPAREN  (52)

	LPAREN  shift 41
	ASSIGN  shift 42
	RPAREN  reduce 30
	SEMI  reduce 30
	COMMA  reduce 30
	TRANSPOSE  reduce 30
	PLUS  reduce 30
	MINUS  reduce 30
	TIMES  reduce 30
	DIVIDE  reduce 30
	EQ  reduce 30
	NEQ  reduce 30
	LT  reduce 30
	GT  reduce 30
	LEQ  reduce 30
	GEQ  reduce 30
	AND  reduce 30
	OR  reduce 30
	MXPLUS  reduce 30
	MXMINUS  reduce 30
	MXMX  reduce 30
	MXSCALE  reduce 30


state 29
	expr : FLIT .  (28)

	.  reduce 28


state 30
	expr : BLIT .  (29)

	.  reduce 29


state 31
	expr : MX .  (31)

	.  reduce 31


state 32
	vdecl : typ ID ASSIGN expr . SEMI  (19)
	expr : expr . PLUS expr  (32)
	expr : expr . MINUS expr  (33)
	expr : expr . TIMES expr  (34)
	expr : expr . DIVIDE expr  (35)
	expr : expr . MXPLUS expr  (36)
	expr : expr . MXMINUS expr  (37)
	expr : expr . MXMX expr  (38)
	expr : expr . MXSCALE expr  (39)
	expr : expr . TRANSPOSE  (40)
	expr : expr . EQ expr  (41)
	expr : expr . NEQ expr  (42)
	expr : expr . LT expr  (43)
	expr : expr . LEQ expr  (44)
	expr : expr . GT expr  (45)
	expr : expr . GEQ expr  (46)
	expr : expr . AND expr  (47)
	expr : expr . OR expr  (48)

	SEMI  shift 43
	TRANSPOSE  shift 44
	PLUS  shift 45
	MINUS  shift 46
	TIMES  shift 47
	DIVIDE  shift 48
	EQ  shift 49
	NEQ  shift 50
	LT  shift 51
	GT  shift 52
	LEQ  shift 53
	GEQ  shift 54
	AND  shift 55
	OR  shift 56
	MXPLUS  shift 57
	MXMINUS  shift 58
	MXMX  shift 59
	MXSCALE  shift 60
	.  error


state 33
	formal_list : typ ID .  (8)

	.  reduce 8


state 34
	fdecl : typ ID LPAREN formals_opt RPAREN . LBRACE vdecl_list stmt_list RBRACE  (5)

	LBRACE  shift 61
	.  error


state 35
	formal_list : formal_list COMMA . typ ID  (9)

	INT  shift 5
	BOOL  shift 6
	FLOAT  shift 7
	STRING  shift 8
	MATRIX  shift 9
	VOID  shift 10
	.  error

	typ  goto 62


state 36
	expr : expr . PLUS expr  (32)
	expr : expr . MINUS expr  (33)
	expr : expr . TIMES expr  (34)
	expr : expr . DIVIDE expr  (35)
	expr : expr . MXPLUS expr  (36)
	expr : expr . MXMINUS expr  (37)
	expr : expr . MXMX expr  (38)
	expr : expr . MXSCALE expr  (39)
	expr : expr . TRANSPOSE  (40)
	expr : expr . EQ expr  (41)
	expr : expr . NEQ expr  (42)
	expr : expr . LT expr  (43)
	expr : expr . LEQ expr  (44)
	expr : expr . GT expr  (45)
	expr : expr . GEQ expr  (46)
	expr : expr . AND expr  (47)
	expr : expr . OR expr  (48)
	expr : LPAREN expr . RPAREN  (53)

	RPAREN  shift 63
	TRANSPOSE  shift 44
	PLUS  shift 45
	MINUS  shift 46
	TIMES  shift 47
	DIVIDE  shift 48
	EQ  shift 49
	NEQ  shift 50
	LT  shift 51
	GT  shift 52
	LEQ  shift 53
	GEQ  shift 54
	AND  shift 55
	OR  shift 56
	MXPLUS  shift 57
	MXMINUS  shift 58
	MXMX  shift 59
	MXSCALE  shift 60
	.  error


state 37
	expr : expr . PLUS expr  (32)
	expr : expr . MINUS expr  (33)
	expr : expr . TIMES expr  (34)
	expr : expr . DIVIDE expr  (35)
	expr : expr . MXPLUS expr  (36)
	expr : expr . MXMINUS expr  (37)
	expr : expr . MXMX expr  (38)
	expr : expr . MXSCALE expr  (39)
	expr : expr . TRANSPOSE  (40)
	expr : expr . EQ expr  (41)
	expr : expr . NEQ expr  (42)
	expr : expr . LT expr  (43)
	expr : expr . LEQ expr  (44)
	expr : expr . GT expr  (45)
	expr : expr . GEQ expr  (46)
	expr : expr . AND expr  (47)
	expr : expr . OR expr  (48)
	expr : MINUS expr .  (49)

	TRANSPOSE  shift 44
	RPAREN  reduce 49
	SEMI  reduce 49
	COMMA  reduce 49
	PLUS  reduce 49
	MINUS  reduce 49
	TIMES  reduce 49
	DIVIDE  reduce 49
	EQ  reduce 49
	NEQ  reduce 49
	LT  reduce 49
	GT  reduce 49
	LEQ  reduce 49
	GEQ  reduce 49
	AND  reduce 49
	OR  reduce 49
	MXPLUS  reduce 49
	MXMINUS  reduce 49
	MXMX  reduce 49
	MXSCALE  reduce 49


state 38
	expr : expr . PLUS expr  (32)
	expr : expr . MINUS expr  (33)
	expr : expr . TIMES expr  (34)
	expr : expr . DIVIDE expr  (35)
	expr : expr . MXPLUS expr  (36)
	expr : expr . MXMINUS expr  (37)
	expr : expr . MXMX expr  (38)
	expr : expr . MXSCALE expr  (39)
	expr : expr . TRANSPOSE  (40)
	expr : expr . EQ expr  (41)
	expr : expr . NEQ expr  (42)
	expr : expr . LT expr  (43)
	expr : expr . LEQ expr  (44)
	expr : expr . GT expr  (45)
	expr : expr . GEQ expr  (46)
	expr : expr . AND expr  (47)
	expr : expr . OR expr  (48)
	expr : NOT expr .  (50)

	TRANSPOSE  shift 44
	RPAREN  reduce 50
	SEMI  reduce 50
	COMMA  reduce 50
	PLUS  reduce 50
	MINUS  reduce 50
	TIMES  reduce 50
	DIVIDE  reduce 50
	EQ  reduce 50
	NEQ  reduce 50
	LT  reduce 50
	GT  reduce 50
	LEQ  reduce 50
	GEQ  reduce 50
	AND  reduce 50
	OR  reduce 50
	MXPLUS  reduce 50
	MXMINUS  reduce 50
	MXMX  reduce 50
	MXSCALE  reduce 50


state 39
	vdecl : typ ID ASSIGN INT LBRACKET . row_list RBRACKET SEMI  (20)
	row_list : .  (22)

	LBRACKET  shift 64
	RBRACKET  reduce 22
	COMMA  reduce 22

	row_list  goto 65


state 40
	vdecl : typ ID ASSIGN FLOAT LBRACKET . row_list RBRACKET SEMI  (21)
	row_list : .  (22)

	LBRACKET  shift 64
	RBRACKET  reduce 22
	COMMA  reduce 22

	row_list  goto 66


state 41
	expr : ID LPAREN . args_opt RPAREN  (52)
	args_opt : .  (65)

	LPAREN  shift 22
	MINUS  shift 23
	NOT  shift 24
	LITERAL  shift 27
	ID  shift 28
	FLIT  shift 29
	BLIT  shift 30
	MX  shift 31
	RPAREN  reduce 65

	expr  goto 67
	args_opt  goto 68
	args_list  goto 69


state 42
	expr : ID ASSIGN . expr  (51)

	LPAREN  shift 22
	MINUS  shift 23
	NOT  shift 24
	LITERAL  shift 27
	ID  shift 28
	FLIT  shift 29
	BLIT  shift 30
	MX  shift 31
	.  error

	expr  goto 70


state 43
	vdecl : typ ID ASSIGN expr SEMI .  (19)

	.  reduce 19


state 44
	expr : expr TRANSPOSE .  (40)

	.  reduce 40


state 45
	expr : expr PLUS . expr  (32)

	LPAREN  shift 22
	MINUS  shift 23
	NOT  shift 24
	LITERAL  shift 27
	ID  shift 28
	FLIT  shift 29
	BLIT  shift 30
	MX  shift 31
	.  error

	expr  goto 71


state 46
	expr : expr MINUS . expr  (33)

	LPAREN  shift 22
	MINUS  shift 23
	NOT  shift 24
	LITERAL  shift 27
	ID  shift 28
	FLIT  shift 29
	BLIT  shift 30
	MX  shift 31
	.  error

	expr  goto 72


state 47
	expr : expr TIMES . expr  (34)

	LPAREN  shift 22
	MINUS  shift 23
	NOT  shift 24
	LITERAL  shift 27
	ID  shift 28
	FLIT  shift 29
	BLIT  shift 30
	MX  shift 31
	.  error

	expr  goto 73


state 48
	expr : expr DIVIDE . expr  (35)

	LPAREN  shift 22
	MINUS  shift 23
	NOT  shift 24
	LITERAL  shift 27
	ID  shift 28
	FLIT  shift 29
	BLIT  shift 30
	MX  shift 31
	.  error

	expr  goto 74


state 49
	expr : expr EQ . expr  (41)

	LPAREN  shift 22
	MINUS  shift 23
	NOT  shift 24
	LITERAL  shift 27
	ID  shift 28
	FLIT  shift 29
	BLIT  shift 30
	MX  shift 31
	.  error

	expr  goto 75


state 50
	expr : expr NEQ . expr  (42)

	LPAREN  shift 22
	MINUS  shift 23
	NOT  shift 24
	LITERAL  shift 27
	ID  shift 28
	FLIT  shift 29
	BLIT  shift 30
	MX  shift 31
	.  error

	expr  goto 76


state 51
	expr : expr LT . expr  (43)

	LPAREN  shift 22
	MINUS  shift 23
	NOT  shift 24
	LITERAL  shift 27
	ID  shift 28
	FLIT  shift 29
	BLIT  shift 30
	MX  shift 31
	.  error

	expr  goto 77


state 52
	expr : expr GT . expr  (45)

	LPAREN  shift 22
	MINUS  shift 23
	NOT  shift 24
	LITERAL  shift 27
	ID  shift 28
	FLIT  shift 29
	BLIT  shift 30
	MX  shift 31
	.  error

	expr  goto 78


state 53
	expr : expr LEQ . expr  (44)

	LPAREN  shift 22
	MINUS  shift 23
	NOT  shift 24
	LITERAL  shift 27
	ID  shift 28
	FLIT  shift 29
	BLIT  shift 30
	MX  shift 31
	.  error

	expr  goto 79


state 54
	expr : expr GEQ . expr  (46)

	LPAREN  shift 22
	MINUS  shift 23
	NOT  shift 24
	LITERAL  shift 27
	ID  shift 28
	FLIT  shift 29
	BLIT  shift 30
	MX  shift 31
	.  error

	expr  goto 80


state 55
	expr : expr AND . expr  (47)

	LPAREN  shift 22
	MINUS  shift 23
	NOT  shift 24
	LITERAL  shift 27
	ID  shift 28
	FLIT  shift 29
	BLIT  shift 30
	MX  shift 31
	.  error

	expr  goto 81


state 56
	expr : expr OR . expr  (48)

	LPAREN  shift 22
	MINUS  shift 23
	NOT  shift 24
	LITERAL  shift 27
	ID  shift 28
	FLIT  shift 29
	BLIT  shift 30
	MX  shift 31
	.  error

	expr  goto 82


state 57
	expr : expr MXPLUS . expr  (36)

	LPAREN  shift 22
	MINUS  shift 23
	NOT  shift 24
	LITERAL  shift 27
	ID  shift 28
	FLIT  shift 29
	BLIT  shift 30
	MX  shift 31
	.  error

	expr  goto 83


state 58
	expr : expr MXMINUS . expr  (37)

	LPAREN  shift 22
	MINUS  shift 23
	NOT  shift 24
	LITERAL  shift 27
	ID  shift 28
	FLIT  shift 29
	BLIT  shift 30
	MX  shift 31
	.  error

	expr  goto 84


state 59
	expr : expr MXMX . expr  (38)

	LPAREN  shift 22
	MINUS  shift 23
	NOT  shift 24
	LITERAL  shift 27
	ID  shift 28
	FLIT  shift 29
	BLIT  shift 30
	MX  shift 31
	.  error

	expr  goto 85


state 60
	expr : expr MXSCALE . expr  (39)

	LPAREN  shift 22
	MINUS  shift 23
	NOT  shift 24
	LITERAL  shift 27
	ID  shift 28
	FLIT  shift 29
	BLIT  shift 30
	MX  shift 31
	.  error

	expr  goto 86


state 61
	fdecl : typ ID LPAREN formals_opt RPAREN LBRACE . vdecl_list stmt_list RBRACE  (5)
	vdecl_list : .  (16)

	.  reduce 16

	vdecl_list  goto 87


state 62
	formal_list : formal_list COMMA typ . ID  (9)

	ID  shift 88
	.  error


state 63
	expr : LPAREN expr RPAREN .  (53)

	.  reduce 53


state 64
	row_list : LBRACKET . elems_list RBRACKET  (23)

	LITERAL  shift 89
	.  error

	elems_list  goto 90


state 65
	vdecl : typ ID ASSIGN INT LBRACKET row_list . RBRACKET SEMI  (20)
	row_list : row_list . COMMA LBRACKET elems_list RBRACKET  (24)

	RBRACKET  shift 91
	COMMA  shift 92
	.  error


state 66
	vdecl : typ ID ASSIGN FLOAT LBRACKET row_list . RBRACKET SEMI  (21)
	row_list : row_list . COMMA LBRACKET elems_list RBRACKET  (24)

	RBRACKET  shift 93
	COMMA  shift 92
	.  error


state 67
	expr : expr . PLUS expr  (32)
	expr : expr . MINUS expr  (33)
	expr : expr . TIMES expr  (34)
	expr : expr . DIVIDE expr  (35)
	expr : expr . MXPLUS expr  (36)
	expr : expr . MXMINUS expr  (37)
	expr : expr . MXMX expr  (38)
	expr : expr . MXSCALE expr  (39)
	expr : expr . TRANSPOSE  (40)
	expr : expr . EQ expr  (41)
	expr : expr . NEQ expr  (42)
	expr : expr . LT expr  (43)
	expr : expr . LEQ expr  (44)
	expr : expr . GT expr  (45)
	expr : expr . GEQ expr  (46)
	expr : expr . AND expr  (47)
	expr : expr . OR expr  (48)
	args_list : expr .  (67)

	TRANSPOSE  shift 44
	PLUS  shift 45
	MINUS  shift 46
	TIMES  shift 47
	DIVIDE  shift 48
	EQ  shift 49
	NEQ  shift 50
	LT  shift 51
	GT  shift 52
	LEQ  shift 53
	GEQ  shift 54
	AND  shift 55
	OR  shift 56
	MXPLUS  shift 57
	MXMINUS  shift 58
	MXMX  shift 59
	MXSCALE  shift 60
	RPAREN  reduce 67
	COMMA  reduce 67


state 68
	expr : ID LPAREN args_opt . RPAREN  (52)

	RPAREN  shift 94
	.  error


state 69
	args_opt : args_list .  (66)
	args_list : args_list . COMMA expr  (68)

	COMMA  shift 95
	RPAREN  reduce 66


state 70
	expr : expr . PLUS expr  (32)
	expr : expr . MINUS expr  (33)
	expr : expr . TIMES expr  (34)
	expr : expr . DIVIDE expr  (35)
	expr : expr . MXPLUS expr  (36)
	expr : expr . MXMINUS expr  (37)
	expr : expr . MXMX expr  (38)
	expr : expr . MXSCALE expr  (39)
	expr : expr . TRANSPOSE  (40)
	expr : expr . EQ expr  (41)
	expr : expr . NEQ expr  (42)
	expr : expr . LT expr  (43)
	expr : expr . LEQ expr  (44)
	expr : expr . GT expr  (45)
	expr : expr . GEQ expr  (46)
	expr : expr . AND expr  (47)
	expr : expr . OR expr  (48)
	expr : ID ASSIGN expr .  (51)

	TRANSPOSE  shift 44
	PLUS  shift 45
	MINUS  shift 46
	TIMES  shift 47
	DIVIDE  shift 48
	EQ  shift 49
	NEQ  shift 50
	LT  shift 51
	GT  shift 52
	LEQ  shift 53
	GEQ  shift 54
	AND  shift 55
	OR  shift 56
	MXPLUS  shift 57
	MXMINUS  shift 58
	MXMX  shift 59
	MXSCALE  shift 60
	RPAREN  reduce 51
	SEMI  reduce 51
	COMMA  reduce 51


state 71
	expr : expr . PLUS expr  (32)
	expr : expr PLUS expr .  (32)
	expr : expr . MINUS expr  (33)
	expr : expr . TIMES expr  (34)
	expr : expr . DIVIDE expr  (35)
	expr : expr . MXPLUS expr  (36)
	expr : expr . MXMINUS expr  (37)
	expr : expr . MXMX expr  (38)
	expr : expr . MXSCALE expr  (39)
	expr : expr . TRANSPOSE  (40)
	expr : expr . EQ expr  (41)
	expr : expr . NEQ expr  (42)
	expr : expr . LT expr  (43)
	expr : expr . LEQ expr  (44)
	expr : expr . GT expr  (45)
	expr : expr . GEQ expr  (46)
	expr : expr . AND expr  (47)
	expr : expr . OR expr  (48)

	TRANSPOSE  shift 44
	TIMES  shift 47
	DIVIDE  shift 48
	MXMX  shift 59
	MXSCALE  shift 60
	RPAREN  reduce 32
	SEMI  reduce 32
	COMMA  reduce 32
	PLUS  reduce 32
	MINUS  reduce 32
	EQ  reduce 32
	NEQ  reduce 32
	LT  reduce 32
	GT  reduce 32
	LEQ  reduce 32
	GEQ  reduce 32
	AND  reduce 32
	OR  reduce 32
	MXPLUS  reduce 32
	MXMINUS  reduce 32


state 72
	expr : expr . PLUS expr  (32)
	expr : expr . MINUS expr  (33)
	expr : expr MINUS expr .  (33)
	expr : expr . TIMES expr  (34)
	expr : expr . DIVIDE expr  (35)
	expr : expr . MXPLUS expr  (36)
	expr : expr . MXMINUS expr  (37)
	expr : expr . MXMX expr  (38)
	expr : expr . MXSCALE expr  (39)
	expr : expr . TRANSPOSE  (40)
	expr : expr . EQ expr  (41)
	expr : expr . NEQ expr  (42)
	expr : expr . LT expr  (43)
	expr : expr . LEQ expr  (44)
	expr : expr . GT expr  (45)
	expr : expr . GEQ expr  (46)
	expr : expr . AND expr  (47)
	expr : expr . OR expr  (48)

	TRANSPOSE  shift 44
	TIMES  shift 47
	DIVIDE  shift 48
	MXMX  shift 59
	MXSCALE  shift 60
	RPAREN  reduce 33
	SEMI  reduce 33
	COMMA  reduce 33
	PLUS  reduce 33
	MINUS  reduce 33
	EQ  reduce 33
	NEQ  reduce 33
	LT  reduce 33
	GT  reduce 33
	LEQ  reduce 33
	GEQ  reduce 33
	AND  reduce 33
	OR  reduce 33
	MXPLUS  reduce 33
	MXMINUS  reduce 33


state 73
	expr : expr . PLUS expr  (32)
	expr : expr . MINUS expr  (33)
	expr : expr . TIMES expr  (34)
	expr : expr TIMES expr .  (34)
	expr : expr . DIVIDE expr  (35)
	expr : expr . MXPLUS expr  (36)
	expr : expr . MXMINUS expr  (37)
	expr : expr . MXMX expr  (38)
	expr : expr . MXSCALE expr  (39)
	expr : expr . TRANSPOSE  (40)
	expr : expr . EQ expr  (41)
	expr : expr . NEQ expr  (42)
	expr : expr . LT expr  (43)
	expr : expr . LEQ expr  (44)
	expr : expr . GT expr  (45)
	expr : expr . GEQ expr  (46)
	expr : expr . AND expr  (47)
	expr : expr . OR expr  (48)

	TRANSPOSE  shift 44
	RPAREN  reduce 34
	SEMI  reduce 34
	COMMA  reduce 34
	PLUS  reduce 34
	MINUS  reduce 34
	TIMES  reduce 34
	DIVIDE  reduce 34
	EQ  reduce 34
	NEQ  reduce 34
	LT  reduce 34
	GT  reduce 34
	LEQ  reduce 34
	GEQ  reduce 34
	AND  reduce 34
	OR  reduce 34
	MXPLUS  reduce 34
	MXMINUS  reduce 34
	MXMX  reduce 34
	MXSCALE  reduce 34


state 74
	expr : expr . PLUS expr  (32)
	expr : expr . MINUS expr  (33)
	expr : expr . TIMES expr  (34)
	expr : expr . DIVIDE expr  (35)
	expr : expr DIVIDE expr .  (35)
	expr : expr . MXPLUS expr  (36)
	expr : expr . MXMINUS expr  (37)
	expr : expr . MXMX expr  (38)
	expr : expr . MXSCALE expr  (39)
	expr : expr . TRANSPOSE  (40)
	expr : expr . EQ expr  (41)
	expr : expr . NEQ expr  (42)
	expr : expr . LT expr  (43)
	expr : expr . LEQ expr  (44)
	expr : expr . GT expr  (45)
	expr : expr . GEQ expr  (46)
	expr : expr . AND expr  (47)
	expr : expr . OR expr  (48)

	TRANSPOSE  shift 44
	RPAREN  reduce 35
	SEMI  reduce 35
	COMMA  reduce 35
	PLUS  reduce 35
	MINUS  reduce 35
	TIMES  reduce 35
	DIVIDE  reduce 35
	EQ  reduce 35
	NEQ  reduce 35
	LT  reduce 35
	GT  reduce 35
	LEQ  reduce 35
	GEQ  reduce 35
	AND  reduce 35
	OR  reduce 35
	MXPLUS  reduce 35
	MXMINUS  reduce 35
	MXMX  reduce 35
	MXSCALE  reduce 35


state 75
	expr : expr . PLUS expr  (32)
	expr : expr . MINUS expr  (33)
	expr : expr . TIMES expr  (34)
	expr : expr . DIVIDE expr  (35)
	expr : expr . MXPLUS expr  (36)
	expr : expr . MXMINUS expr  (37)
	expr : expr . MXMX expr  (38)
	expr : expr . MXSCALE expr  (39)
	expr : expr . TRANSPOSE  (40)
	expr : expr . EQ expr  (41)
	expr : expr EQ expr .  (41)
	expr : expr . NEQ expr  (42)
	expr : expr . LT expr  (43)
	expr : expr . LEQ expr  (44)
	expr : expr . GT expr  (45)
	expr : expr . GEQ expr  (46)
	expr : expr . AND expr  (47)
	expr : expr . OR expr  (48)

	TRANSPOSE  shift 44
	PLUS  shift 45
	MINUS  shift 46
	TIMES  shift 47
	DIVIDE  shift 48
	LT  shift 51
	GT  shift 52
	LEQ  shift 53
	GEQ  shift 54
	MXPLUS  shift 57
	MXMINUS  shift 58
	MXMX  shift 59
	MXSCALE  shift 60
	RPAREN  reduce 41
	SEMI  reduce 41
	COMMA  reduce 41
	EQ  reduce 41
	NEQ  reduce 41
	AND  reduce 41
	OR  reduce 41


state 76
	expr : expr . PLUS expr  (32)
	expr : expr . MINUS expr  (33)
	expr : expr . TIMES expr  (34)
	expr : expr . DIVIDE expr  (35)
	expr : expr . MXPLUS expr  (36)
	expr : expr . MXMINUS expr  (37)
	expr : expr . MXMX expr  (38)
	expr : expr . MXSCALE expr  (39)
	expr : expr . TRANSPOSE  (40)
	expr : expr . EQ expr  (41)
	expr : expr . NEQ expr  (42)
	expr : expr NEQ expr .  (42)
	expr : expr . LT expr  (43)
	expr : expr . LEQ expr  (44)
	expr : expr . GT expr  (45)
	expr : expr . GEQ expr  (46)
	expr : expr . AND expr  (47)
	expr : expr . OR expr  (48)

	TRANSPOSE  shift 44
	PLUS  shift 45
	MINUS  shift 46
	TIMES  shift 47
	DIVIDE  shift 48
	LT  shift 51
	GT  shift 52
	LEQ  shift 53
	GEQ  shift 54
	MXPLUS  shift 57
	MXMINUS  shift 58
	MXMX  shift 59
	MXSCALE  shift 60
	RPAREN  reduce 42
	SEMI  reduce 42
	COMMA  reduce 42
	EQ  reduce 42
	NEQ  reduce 42
	AND  reduce 42
	OR  reduce 42


state 77
	expr : expr . PLUS expr  (32)
	expr : expr . MINUS expr  (33)
	expr : expr . TIMES expr  (34)
	expr : expr . DIVIDE expr  (35)
	expr : expr . MXPLUS expr  (36)
	expr : expr . MXMINUS expr  (37)
	expr : expr . MXMX expr  (38)
	expr : expr . MXSCALE expr  (39)
	expr : expr . TRANSPOSE  (40)
	expr : expr . EQ expr  (41)
	expr : expr . NEQ expr  (42)
	expr : expr . LT expr  (43)
	expr : expr LT expr .  (43)
	expr : expr . LEQ expr  (44)
	expr : expr . GT expr  (45)
	expr : expr . GEQ expr  (46)
	expr : expr . AND expr  (47)
	expr : expr . OR expr  (48)

	TRANSPOSE  shift 44
	PLUS  shift 45
	MINUS  shift 46
	TIMES  shift 47
	DIVIDE  shift 48
	MXPLUS  shift 57
	MXMINUS  shift 58
	MXMX  shift 59
	MXSCALE  shift 60
	RPAREN  reduce 43
	SEMI  reduce 43
	COMMA  reduce 43
	EQ  reduce 43
	NEQ  reduce 43
	LT  reduce 43
	GT  reduce 43
	LEQ  reduce 43
	GEQ  reduce 43
	AND  reduce 43
	OR  reduce 43


state 78
	expr : expr . PLUS expr  (32)
	expr : expr . MINUS expr  (33)
	expr : expr . TIMES expr  (34)
	expr : expr . DIVIDE expr  (35)
	expr : expr . MXPLUS expr  (36)
	expr : expr . MXMINUS expr  (37)
	expr : expr . MXMX expr  (38)
	expr : expr . MXSCALE expr  (39)
	expr : expr . TRANSPOSE  (40)
	expr : expr . EQ expr  (41)
	expr : expr . NEQ expr  (42)
	expr : expr . LT expr  (43)
	expr : expr . LEQ expr  (44)
	expr : expr . GT expr  (45)
	expr : expr GT expr .  (45)
	expr : expr . GEQ expr  (46)
	expr : expr . AND expr  (47)
	expr : expr . OR expr  (48)

	TRANSPOSE  shift 44
	PLUS  shift 45
	MINUS  shift 46
	TIMES  shift 47
	DIVIDE  shift 48
	MXPLUS  shift 57
	MXMINUS  shift 58
	MXMX  shift 59
	MXSCALE  shift 60
	RPAREN  reduce 45
	SEMI  reduce 45
	COMMA  reduce 45
	EQ  reduce 45
	NEQ  reduce 45
	LT  reduce 45
	GT  reduce 45
	LEQ  reduce 45
	GEQ  reduce 45
	AND  reduce 45
	OR  reduce 45


state 79
	expr : expr . PLUS expr  (32)
	expr : expr . MINUS expr  (33)
	expr : expr . TIMES expr  (34)
	expr : expr . DIVIDE expr  (35)
	expr : expr . MXPLUS expr  (36)
	expr : expr . MXMINUS expr  (37)
	expr : expr . MXMX expr  (38)
	expr : expr . MXSCALE expr  (39)
	expr : expr . TRANSPOSE  (40)
	expr : expr . EQ expr  (41)
	expr : expr . NEQ expr  (42)
	expr : expr . LT expr  (43)
	expr : expr . LEQ expr  (44)
	expr : expr LEQ expr .  (44)
	expr : expr . GT expr  (45)
	expr : expr . GEQ expr  (46)
	expr : expr . AND expr  (47)
	expr : expr . OR expr  (48)

	TRANSPOSE  shift 44
	PLUS  shift 45
	MINUS  shift 46
	TIMES  shift 47
	DIVIDE  shift 48
	MXPLUS  shift 57
	MXMINUS  shift 58
	MXMX  shift 59
	MXSCALE  shift 60
	RPAREN  reduce 44
	SEMI  reduce 44
	COMMA  reduce 44
	EQ  reduce 44
	NEQ  reduce 44
	LT  reduce 44
	GT  reduce 44
	LEQ  reduce 44
	GEQ  reduce 44
	AND  reduce 44
	OR  reduce 44


state 80
	expr : expr . PLUS expr  (32)
	expr : expr . MINUS expr  (33)
	expr : expr . TIMES expr  (34)
	expr : expr . DIVIDE expr  (35)
	expr : expr . MXPLUS expr  (36)
	expr : expr . MXMINUS expr  (37)
	expr : expr . MXMX expr  (38)
	expr : expr . MXSCALE expr  (39)
	expr : expr . TRANSPOSE  (40)
	expr : expr . EQ expr  (41)
	expr : expr . NEQ expr  (42)
	expr : expr . LT expr  (43)
	expr : expr . LEQ expr  (44)
	expr : expr . GT expr  (45)
	expr : expr . GEQ expr  (46)
	expr : expr GEQ expr .  (46)
	expr : expr . AND expr  (47)
	expr : expr . OR expr  (48)

	TRANSPOSE  shift 44
	PLUS  shift 45
	MINUS  shift 46
	TIMES  shift 47
	DIVIDE  shift 48
	MXPLUS  shift 57
	MXMINUS  shift 58
	MXMX  shift 59
	MXSCALE  shift 60
	RPAREN  reduce 46
	SEMI  reduce 46
	COMMA  reduce 46
	EQ  reduce 46
	NEQ  reduce 46
	LT  reduce 46
	GT  reduce 46
	LEQ  reduce 46
	GEQ  reduce 46
	AND  reduce 46
	OR  reduce 46


state 81
	expr : expr . PLUS expr  (32)
	expr : expr . MINUS expr  (33)
	expr : expr . TIMES expr  (34)
	expr : expr . DIVIDE expr  (35)
	expr : expr . MXPLUS expr  (36)
	expr : expr . MXMINUS expr  (37)
	expr : expr . MXMX expr  (38)
	expr : expr . MXSCALE expr  (39)
	expr : expr . TRANSPOSE  (40)
	expr : expr . EQ expr  (41)
	expr : expr . NEQ expr  (42)
	expr : expr . LT expr  (43)
	expr : expr . LEQ expr  (44)
	expr : expr . GT expr  (45)
	expr : expr . GEQ expr  (46)
	expr : expr . AND expr  (47)
	expr : expr AND expr .  (47)
	expr : expr . OR expr  (48)

	TRANSPOSE  shift 44
	PLUS  shift 45
	MINUS  shift 46
	TIMES  shift 47
	DIVIDE  shift 48
	EQ  shift 49
	NEQ  shift 50
	LT  shift 51
	GT  shift 52
	LEQ  shift 53
	GEQ  shift 54
	MXPLUS  shift 57
	MXMINUS  shift 58
	MXMX  shift 59
	MXSCALE  shift 60
	RPAREN  reduce 47
	SEMI  reduce 47
	COMMA  reduce 47
	AND  reduce 47
	OR  reduce 47


state 82
	expr : expr . PLUS expr  (32)
	expr : expr . MINUS expr  (33)
	expr : expr . TIMES expr  (34)
	expr : expr . DIVIDE expr  (35)
	expr : expr . MXPLUS expr  (36)
	expr : expr . MXMINUS expr  (37)
	expr : expr . MXMX expr  (38)
	expr : expr . MXSCALE expr  (39)
	expr : expr . TRANSPOSE  (40)
	expr : expr . EQ expr  (41)
	expr : expr . NEQ expr  (42)
	expr : expr . LT expr  (43)
	expr : expr . LEQ expr  (44)
	expr : expr . GT expr  (45)
	expr : expr . GEQ expr  (46)
	expr : expr . AND expr  (47)
	expr : expr . OR expr  (48)
	expr : expr OR expr .  (48)

	TRANSPOSE  shift 44
	PLUS  shift 45
	MINUS  shift 46
	TIMES  shift 47
	DIVIDE  shift 48
	EQ  shift 49
	NEQ  shift 50
	LT  shift 51
	GT  shift 52
	LEQ  shift 53
	GEQ  shift 54
	AND  shift 55
	MXPLUS  shift 57
	MXMINUS  shift 58
	MXMX  shift 59
	MXSCALE  shift 60
	RPAREN  reduce 48
	SEMI  reduce 48
	COMMA  reduce 48
	OR  reduce 48


state 83
	expr : expr . PLUS expr  (32)
	expr : expr . MINUS expr  (33)
	expr : expr . TIMES expr  (34)
	expr : expr . DIVIDE expr  (35)
	expr : expr . MXPLUS expr  (36)
	expr : expr MXPLUS expr .  (36)
	expr : expr . MXMINUS expr  (37)
	expr : expr . MXMX expr  (38)
	expr : expr . MXSCALE expr  (39)
	expr : expr . TRANSPOSE  (40)
	expr : expr . EQ expr  (41)
	expr : expr . NEQ expr  (42)
	expr : expr . LT expr  (43)
	expr : expr . LEQ expr  (44)
	expr : expr . GT expr  (45)
	expr : expr . GEQ expr  (46)
	expr : expr . AND expr  (47)
	expr : expr . OR expr  (48)

	TRANSPOSE  shift 44
	TIMES  shift 47
	DIVIDE  shift 48
	MXMX  shift 59
	MXSCALE  shift 60
	RPAREN  reduce 36
	SEMI  reduce 36
	COMMA  reduce 36
	PLUS  reduce 36
	MINUS  reduce 36
	EQ  reduce 36
	NEQ  reduce 36
	LT  reduce 36
	GT  reduce 36
	LEQ  reduce 36
	GEQ  reduce 36
	AND  reduce 36
	OR  reduce 36
	MXPLUS  reduce 36
	MXMINUS  reduce 36


state 84
	expr : expr . PLUS expr  (32)
	expr : expr . MINUS expr  (33)
	expr : expr . TIMES expr  (34)
	expr : expr . DIVIDE expr  (35)
	expr : expr . MXPLUS expr  (36)
	expr : expr . MXMINUS expr  (37)
	expr : expr MXMINUS expr .  (37)
	expr : expr . MXMX expr  (38)
	expr : expr . MXSCALE expr  (39)
	expr : expr . TRANSPOSE  (40)
	expr : expr . EQ expr  (41)
	expr : expr . NEQ expr  (42)
	expr : expr . LT expr  (43)
	expr : expr . LEQ expr  (44)
	expr : expr . GT expr  (45)
	expr : expr . GEQ expr  (46)
	expr : expr . AND expr  (47)
	expr : expr . OR expr  (48)

	TRANSPOSE  shift 44
	TIMES  shift 47
	DIVIDE  shift 48
	MXMX  shift 59
	MXSCALE  shift 60
	RPAREN  reduce 37
	SEMI  reduce 37
	COMMA  reduce 37
	PLUS  reduce 37
	MINUS  reduce 37
	EQ  reduce 37
	NEQ  reduce 37
	LT  reduce 37
	GT  reduce 37
	LEQ  reduce 37
	GEQ  reduce 37
	AND  reduce 37
	OR  reduce 37
	MXPLUS  reduce 37
	MXMINUS  reduce 37


state 85
	expr : expr . PLUS expr  (32)
	expr : expr . MINUS expr  (33)
	expr : expr . TIMES expr  (34)
	expr : expr . DIVIDE expr  (35)
	expr : expr . MXPLUS expr  (36)
	expr : expr . MXMINUS expr  (37)
	expr : expr . MXMX expr  (38)
	expr : expr MXMX expr .  (38)
	expr : expr . MXSCALE expr  (39)
	expr : expr . TRANSPOSE  (40)
	expr : expr . EQ expr  (41)
	expr : expr . NEQ expr  (42)
	expr : expr . LT expr  (43)
	expr : expr . LEQ expr  (44)
	expr : expr . GT expr  (45)
	expr : expr . GEQ expr  (46)
	expr : expr . AND expr  (47)
	expr : expr . OR expr  (48)

	TRANSPOSE  shift 44
	RPAREN  reduce 38
	SEMI  reduce 38
	COMMA  reduce 38
	PLUS  reduce 38
	MINUS  reduce 38
	TIMES  reduce 38
	DIVIDE  reduce 38
	EQ  reduce 38
	NEQ  reduce 38
	LT  reduce 38
	GT  reduce 38
	LEQ  reduce 38
	GEQ  reduce 38
	AND  reduce 38
	OR  reduce 38
	MXPLUS  reduce 38
	MXMINUS  reduce 38
	MXMX  reduce 38
	MXSCALE  reduce 38


state 86
	expr : expr . PLUS expr  (32)
	expr : expr . MINUS expr  (33)
	expr : expr . TIMES expr  (34)
	expr : expr . DIVIDE expr  (35)
	expr : expr . MXPLUS expr  (36)
	expr : expr . MXMINUS expr  (37)
	expr : expr . MXMX expr  (38)
	expr : expr . MXSCALE expr  (39)
	expr : expr MXSCALE expr .  (39)
	expr : expr . TRANSPOSE  (40)
	expr : expr . EQ expr  (41)
	expr : expr . NEQ expr  (42)
	expr : expr . LT expr  (43)
	expr : expr . LEQ expr  (44)
	expr : expr . GT expr  (45)
	expr : expr . GEQ expr  (46)
	expr : expr . AND expr  (47)
	expr : expr . OR expr  (48)

	TRANSPOSE  shift 44
	RPAREN  reduce 39
	SEMI  reduce 39
	COMMA  reduce 39
	PLUS  reduce 39
	MINUS  reduce 39
	TIMES  reduce 39
	DIVIDE  reduce 39
	EQ  reduce 39
	NEQ  reduce 39
	LT  reduce 39
	GT  reduce 39
	LEQ  reduce 39
	GEQ  reduce 39
	AND  reduce 39
	OR  reduce 39
	MXPLUS  reduce 39
	MXMINUS  reduce 39
	MXMX  reduce 39
	MXSCALE  reduce 39


state 87
	fdecl : typ ID LPAREN formals_opt RPAREN LBRACE vdecl_list . stmt_list RBRACE  (5)
	vdecl_list : vdecl_list . vdecl  (17)
	stmt_list : .  (61)

	INT  shift 5
	BOOL  shift 6
	FLOAT  shift 7
	STRING  shift 8
	MATRIX  shift 9
	VOID  shift 10
	LPAREN  reduce 61
	LBRACE  reduce 61
	RBRACE  reduce 61
	MINUS  reduce 61
	IF  reduce 61
	WHILE  reduce 61
	FOR  reduce 61
	NOT  reduce 61
	RETURN  reduce 61
	LITERAL  reduce 61
	ID  reduce 61
	FLIT  reduce 61
	BLIT  reduce 61
	MX  reduce 61

	vdecl  goto 96
	typ  goto 97
	stmt_list  goto 98


state 88
	formal_list : formal_list COMMA typ ID .  (9)

	.  reduce 9


state 89
	elems_list : LITERAL .  (25)

	.  reduce 25


state 90
	row_list : LBRACKET elems_list . RBRACKET  (23)
	elems_list : elems_list . COMMA LITERAL  (26)

	RBRACKET  shift 99
	COMMA  shift 100
	.  error


state 91
	vdecl : typ ID ASSIGN INT LBRACKET row_list RBRACKET . SEMI  (20)

	SEMI  shift 101
	.  error


state 92
	row_list : row_list COMMA . LBRACKET elems_list RBRACKET  (24)

	LBRACKET  shift 102
	.  error


state 93
	vdecl : typ ID ASSIGN FLOAT LBRACKET row_list RBRACKET . SEMI  (21)

	SEMI  shift 103
	.  error


state 94
	expr : ID LPAREN args_opt RPAREN .  (52)

	.  reduce 52


state 95
	args_list : args_list COMMA . expr  (68)

	LPAREN  shift 22
	MINUS  shift 23
	NOT  shift 24
	LITERAL  shift 27
	ID  shift 28
	FLIT  shift 29
	BLIT  shift 30
	MX  shift 31
	.  error

	expr  goto 104


state 96
	vdecl_list : vdecl_list vdecl .  (17)

	.  reduce 17


state 97
	vdecl : typ . ID SEMI  (18)
	vdecl : typ . ID ASSIGN expr SEMI  (19)
	vdecl : typ . ID ASSIGN INT LBRACKET row_list RBRACKET SEMI  (20)
	vdecl : typ . ID ASSIGN FLOAT LBRACKET row_list RBRACKET SEMI  (21)

	ID  shift 105
	.  error


state 98
	fdecl : typ ID LPAREN formals_opt RPAREN LBRACE vdecl_list stmt_list . RBRACE  (5)
	stmt_list : stmt_list . stmt  (62)

	LPAREN  shift 22
	LBRACE  shift 106
	RBRACE  shift 107
	MINUS  shift 23
	IF  shift 108
	WHILE  shift 109
	FOR  shift 110
	NOT  shift 24
	RETURN  shift 111
	LITERAL  shift 27
	ID  shift 28
	FLIT  shift 29
	BLIT  shift 30
	MX  shift 31
	.  error

	expr  goto 112
	stmt  goto 113


state 99
	row_list : LBRACKET elems_list RBRACKET .  (23)

	.  reduce 23


state 100
	elems_list : elems_list COMMA . LITERAL  (26)

	LITERAL  shift 114
	.  error


state 101
	vdecl : typ ID ASSIGN INT LBRACKET row_list RBRACKET SEMI .  (20)

	.  reduce 20


state 102
	row_list : row_list COMMA LBRACKET . elems_list RBRACKET  (24)

	LITERAL  shift 89
	.  error

	elems_list  goto 115


state 103
	vdecl : typ ID ASSIGN FLOAT LBRACKET row_list RBRACKET SEMI .  (21)

	.  reduce 21


state 104
	expr : expr . PLUS expr  (32)
	expr : expr . MINUS expr  (33)
	expr : expr . TIMES expr  (34)
	expr : expr . DIVIDE expr  (35)
	expr : expr . MXPLUS expr  (36)
	expr : expr . MXMINUS expr  (37)
	expr : expr . MXMX expr  (38)
	expr : expr . MXSCALE expr  (39)
	expr : expr . TRANSPOSE  (40)
	expr : expr . EQ expr  (41)
	expr : expr . NEQ expr  (42)
	expr : expr . LT expr  (43)
	expr : expr . LEQ expr  (44)
	expr : expr . GT expr  (45)
	expr : expr . GEQ expr  (46)
	expr : expr . AND expr  (47)
	expr : expr . OR expr  (48)
	args_list : args_list COMMA expr .  (68)

	TRANSPOSE  shift 44
	PLUS  shift 45
	MINUS  shift 46
	TIMES  shift 47
	DIVIDE  shift 48
	EQ  shift 49
	NEQ  shift 50
	LT  shift 51
	GT  shift 52
	LEQ  shift 53
	GEQ  shift 54
	AND  shift 55
	OR  shift 56
	MXPLUS  shift 57
	MXMINUS  shift 58
	MXMX  shift 59
	MXSCALE  shift 60
	RPAREN  reduce 68
	COMMA  reduce 68


state 105
	vdecl : typ ID . SEMI  (18)
	vdecl : typ ID . ASSIGN expr SEMI  (19)
	vdecl : typ ID . ASSIGN INT LBRACKET row_list RBRACKET SEMI  (20)
	vdecl : typ ID . ASSIGN FLOAT LBRACKET row_list RBRACKET SEMI  (21)

	SEMI  shift 17
	ASSIGN  shift 18
	.  error


state 106
	stmt : LBRACE . stmt_list RBRACE  (56)
	stmt_list : .  (61)

	.  reduce 61

	stmt_list  goto 116


state 107
	fdecl : typ ID LPAREN formals_opt RPAREN LBRACE vdecl_list stmt_list RBRACE .  (5)

	.  reduce 5


state 108
	stmt : IF . LPAREN expr RPAREN stmt  (57)
	stmt : IF . LPAREN expr RPAREN stmt ELSE stmt  (58)

	LPAREN  shift 117
	.  error


state 109
	stmt : WHILE . LPAREN expr RPAREN stmt  (60)

	LPAREN  shift 118
	.  error


state 110
	stmt : FOR . LPAREN expr_opt SEMI expr SEMI expr_opt RPAREN stmt  (59)

	LPAREN  shift 119
	.  error


state 111
	stmt : RETURN . expr_opt SEMI  (55)
	expr_opt : .  (63)

	LPAREN  shift 22
	MINUS  shift 23
	NOT  shift 24
	LITERAL  shift 27
	ID  shift 28
	FLIT  shift 29
	BLIT  shift 30
	MX  shift 31
	SEMI  reduce 63

	expr  goto 120
	expr_opt  goto 121


state 112
	expr : expr . PLUS expr  (32)
	expr : expr . MINUS expr  (33)
	expr : expr . TIMES expr  (34)
	expr : expr . DIVIDE expr  (35)
	expr : expr . MXPLUS expr  (36)
	expr : expr . MXMINUS expr  (37)
	expr : expr . MXMX expr  (38)
	expr : expr . MXSCALE expr  (39)
	expr : expr . TRANSPOSE  (40)
	expr : expr . EQ expr  (41)
	expr : expr . NEQ expr  (42)
	expr : expr . LT expr  (43)
	expr : expr . LEQ expr  (44)
	expr : expr . GT expr  (45)
	expr : expr . GEQ expr  (46)
	expr : expr . AND expr  (47)
	expr : expr . OR expr  (48)
	stmt : expr . SEMI  (54)

	SEMI  shift 122
	TRANSPOSE  shift 44
	PLUS  shift 45
	MINUS  shift 46
	TIMES  shift 47
	DIVIDE  shift 48
	EQ  shift 49
	NEQ  shift 50
	LT  shift 51
	GT  shift 52
	LEQ  shift 53
	GEQ  shift 54
	AND  shift 55
	OR  shift 56
	MXPLUS  shift 57
	MXMINUS  shift 58
	MXMX  shift 59
	MXSCALE  shift 60
	.  error


state 113
	stmt_list : stmt_list stmt .  (62)

	.  reduce 62


state 114
	elems_list : elems_list COMMA LITERAL .  (26)

	.  reduce 26


state 115
	row_list : row_list COMMA LBRACKET elems_list . RBRACKET  (24)
	elems_list : elems_list . COMMA LITERAL  (26)

	RBRACKET  shift 123
	COMMA  shift 100
	.  error


state 116
	stmt : LBRACE stmt_list . RBRACE  (56)
	stmt_list : stmt_list . stmt  (62)

	LPAREN  shift 22
	LBRACE  shift 106
	RBRACE  shift 124
	MINUS  shift 23
	IF  shift 108
	WHILE  shift 109
	FOR  shift 110
	NOT  shift 24
	RETURN  shift 111
	LITERAL  shift 27
	ID  shift 28
	FLIT  shift 29
	BLIT  shift 30
	MX  shift 31
	.  error

	expr  goto 112
	stmt  goto 113


state 117
	stmt : IF LPAREN . expr RPAREN stmt  (57)
	stmt : IF LPAREN . expr RPAREN stmt ELSE stmt  (58)

	LPAREN  shift 22
	MINUS  shift 23
	NOT  shift 24
	LITERAL  shift 27
	ID  shift 28
	FLIT  shift 29
	BLIT  shift 30
	MX  shift 31
	.  error

	expr  goto 125


state 118
	stmt : WHILE LPAREN . expr RPAREN stmt  (60)

	LPAREN  shift 22
	MINUS  shift 23
	NOT  shift 24
	LITERAL  shift 27
	ID  shift 28
	FLIT  shift 29
	BLIT  shift 30
	MX  shift 31
	.  error

	expr  goto 126


state 119
	stmt : FOR LPAREN . expr_opt SEMI expr SEMI expr_opt RPAREN stmt  (59)
	expr_opt : .  (63)

	LPAREN  shift 22
	MINUS  shift 23
	NOT  shift 24
	LITERAL  shift 27
	ID  shift 28
	FLIT  shift 29
	BLIT  shift 30
	MX  shift 31
	SEMI  reduce 63

	expr  goto 120
	expr_opt  goto 127


state 120
	expr : expr . PLUS expr  (32)
	expr : expr . MINUS expr  (33)
	expr : expr . TIMES expr  (34)
	expr : expr . DIVIDE expr  (35)
	expr : expr . MXPLUS expr  (36)
	expr : expr . MXMINUS expr  (37)
	expr : expr . MXMX expr  (38)
	expr : expr . MXSCALE expr  (39)
	expr : expr . TRANSPOSE  (40)
	expr : expr . EQ expr  (41)
	expr : expr . NEQ expr  (42)
	expr : expr . LT expr  (43)
	expr : expr . LEQ expr  (44)
	expr : expr . GT expr  (45)
	expr : expr . GEQ expr  (46)
	expr : expr . AND expr  (47)
	expr : expr . OR expr  (48)
	expr_opt : expr .  (64)

	TRANSPOSE  shift 44
	PLUS  shift 45
	MINUS  shift 46
	TIMES  shift 47
	DIVIDE  shift 48
	EQ  shift 49
	NEQ  shift 50
	LT  shift 51
	GT  shift 52
	LEQ  shift 53
	GEQ  shift 54
	AND  shift 55
	OR  shift 56
	MXPLUS  shift 57
	MXMINUS  shift 58
	MXMX  shift 59
	MXSCALE  shift 60
	RPAREN  reduce 64
	SEMI  reduce 64


state 121
	stmt : RETURN expr_opt . SEMI  (55)

	SEMI  shift 128
	.  error


state 122
	stmt : expr SEMI .  (54)

	.  reduce 54


state 123
	row_list : row_list COMMA LBRACKET elems_list RBRACKET .  (24)

	.  reduce 24


state 124
	stmt : LBRACE stmt_list RBRACE .  (56)

	.  reduce 56


state 125
	expr : expr . PLUS expr  (32)
	expr : expr . MINUS expr  (33)
	expr : expr . TIMES expr  (34)
	expr : expr . DIVIDE expr  (35)
	expr : expr . MXPLUS expr  (36)
	expr : expr . MXMINUS expr  (37)
	expr : expr . MXMX expr  (38)
	expr : expr . MXSCALE expr  (39)
	expr : expr . TRANSPOSE  (40)
	expr : expr . EQ expr  (41)
	expr : expr . NEQ expr  (42)
	expr : expr . LT expr  (43)
	expr : expr . LEQ expr  (44)
	expr : expr . GT expr  (45)
	expr : expr . GEQ expr  (46)
	expr : expr . AND expr  (47)
	expr : expr . OR expr  (48)
	stmt : IF LPAREN expr . RPAREN stmt  (57)
	stmt : IF LPAREN expr . RPAREN stmt ELSE stmt  (58)

	RPAREN  shift 129
	TRANSPOSE  shift 44
	PLUS  shift 45
	MINUS  shift 46
	TIMES  shift 47
	DIVIDE  shift 48
	EQ  shift 49
	NEQ  shift 50
	LT  shift 51
	GT  shift 52
	LEQ  shift 53
	GEQ  shift 54
	AND  shift 55
	OR  shift 56
	MXPLUS  shift 57
	MXMINUS  shift 58
	MXMX  shift 59
	MXSCALE  shift 60
	.  error


state 126
	expr : expr . PLUS expr  (32)
	expr : expr . MINUS expr  (33)
	expr : expr . TIMES expr  (34)
	expr : expr . DIVIDE expr  (35)
	expr : expr . MXPLUS expr  (36)
	expr : expr . MXMINUS expr  (37)
	expr : expr . MXMX expr  (38)
	expr : expr . MXSCALE expr  (39)
	expr : expr . TRANSPOSE  (40)
	expr : expr . EQ expr  (41)
	expr : expr . NEQ expr  (42)
	expr : expr . LT expr  (43)
	expr : expr . LEQ expr  (44)
	expr : expr . GT expr  (45)
	expr : expr . GEQ expr  (46)
	expr : expr . AND expr  (47)
	expr : expr . OR expr  (48)
	stmt : WHILE LPAREN expr . RPAREN stmt  (60)

	RPAREN  shift 130
	TRANSPOSE  shift 44
	PLUS  shift 45
	MINUS  shift 46
	TIMES  shift 47
	DIVIDE  shift 48
	EQ  shift 49
	NEQ  shift 50
	LT  shift 51
	GT  shift 52
	LEQ  shift 53
	GEQ  shift 54
	AND  shift 55
	OR  shift 56
	MXPLUS  shift 57
	MXMINUS  shift 58
	MXMX  shift 59
	MXSCALE  shift 60
	.  error


state 127
	stmt : FOR LPAREN expr_opt . SEMI expr SEMI expr_opt RPAREN stmt  (59)

	SEMI  shift 131
	.  error


state 128
	stmt : RETURN expr_opt SEMI .  (55)

	.  reduce 55


state 129
	stmt : IF LPAREN expr RPAREN . stmt  (57)
	stmt : IF LPAREN expr RPAREN . stmt ELSE stmt  (58)

	LPAREN  shift 22
	LBRACE  shift 106
	MINUS  shift 23
	IF  shift 108
	WHILE  shift 109
	FOR  shift 110
	NOT  shift 24
	RETURN  shift 111
	LITERAL  shift 27
	ID  shift 28
	FLIT  shift 29
	BLIT  shift 30
	MX  shift 31
	.  error

	expr  goto 112
	stmt  goto 132


state 130
	stmt : WHILE LPAREN expr RPAREN . stmt  (60)

	LPAREN  shift 22
	LBRACE  shift 106
	MINUS  shift 23
	IF  shift 108
	WHILE  shift 109
	FOR  shift 110
	NOT  shift 24
	RETURN  shift 111
	LITERAL  shift 27
	ID  shift 28
	FLIT  shift 29
	BLIT  shift 30
	MX  shift 31
	.  error

	expr  goto 112
	stmt  goto 133


state 131
	stmt : FOR LPAREN expr_opt SEMI . expr SEMI expr_opt RPAREN stmt  (59)

	LPAREN  shift 22
	MINUS  shift 23
	NOT  shift 24
	LITERAL  shift 27
	ID  shift 28
	FLIT  shift 29
	BLIT  shift 30
	MX  shift 31
	.  error

	expr  goto 134


state 132
	stmt : IF LPAREN expr RPAREN stmt .  (57)
	stmt : IF LPAREN expr RPAREN stmt . ELSE stmt  (58)

	ELSE  shift 135
	LPAREN  reduce 57
	LBRACE  reduce 57
	RBRACE  reduce 57
	MINUS  reduce 57
	IF  reduce 57
	WHILE  reduce 57
	FOR  reduce 57
	NOT  reduce 57
	RETURN  reduce 57
	LITERAL  reduce 57
	ID  reduce 57
	FLIT  reduce 57
	BLIT  reduce 57
	MX  reduce 57


state 133
	stmt : WHILE LPAREN expr RPAREN stmt .  (60)

	.  reduce 60


state 134
	expr : expr . PLUS expr  (32)
	expr : expr . MINUS expr  (33)
	expr : expr . TIMES expr  (34)
	expr : expr . DIVIDE expr  (35)
	expr : expr . MXPLUS expr  (36)
	expr : expr . MXMINUS expr  (37)
	expr : expr . MXMX expr  (38)
	expr : expr . MXSCALE expr  (39)
	expr : expr . TRANSPOSE  (40)
	expr : expr . EQ expr  (41)
	expr : expr . NEQ expr  (42)
	expr : expr . LT expr  (43)
	expr : expr . LEQ expr  (44)
	expr : expr . GT expr  (45)
	expr : expr . GEQ expr  (46)
	expr : expr . AND expr  (47)
	expr : expr . OR expr  (48)
	stmt : FOR LPAREN expr_opt SEMI expr . SEMI expr_opt RPAREN stmt  (59)

	SEMI  shift 136
	TRANSPOSE  shift 44
	PLUS  shift 45
	MINUS  shift 46
	TIMES  shift 47
	DIVIDE  shift 48
	EQ  shift 49
	NEQ  shift 50
	LT  shift 51
	GT  shift 52
	LEQ  shift 53
	GEQ  shift 54
	AND  shift 55
	OR  shift 56
	MXPLUS  shift 57
	MXMINUS  shift 58
	MXMX  shift 59
	MXSCALE  shift 60
	.  error


state 135
	stmt : IF LPAREN expr RPAREN stmt ELSE . stmt  (58)

	LPAREN  shift 22
	LBRACE  shift 106
	MINUS  shift 23
	IF  shift 108
	WHILE  shift 109
	FOR  shift 110
	NOT  shift 24
	RETURN  shift 111
	LITERAL  shift 27
	ID  shift 28
	FLIT  shift 29
	BLIT  shift 30
	MX  shift 31
	.  error

	expr  goto 112
	stmt  goto 137


state 136
	stmt : FOR LPAREN expr_opt SEMI expr SEMI . expr_opt RPAREN stmt  (59)
	expr_opt : .  (63)

	LPAREN  shift 22
	MINUS  shift 23
	NOT  shift 24
	LITERAL  shift 27
	ID  shift 28
	FLIT  shift 29
	BLIT  shift 30
	MX  shift 31
	RPAREN  reduce 63

	expr  goto 120
	expr_opt  goto 138


state 137
	stmt : IF LPAREN expr RPAREN stmt ELSE stmt .  (58)

	.  reduce 58


state 138
	stmt : FOR LPAREN expr_opt SEMI expr SEMI expr_opt . RPAREN stmt  (59)

	RPAREN  shift 139
	.  error


state 139
	stmt : FOR LPAREN expr_opt SEMI expr SEMI expr_opt RPAREN . stmt  (59)

	LPAREN  shift 22
	LBRACE  shift 106
	MINUS  shift 23
	IF  shift 108
	WHILE  shift 109
	FOR  shift 110
	NOT  shift 24
	RETURN  shift 111
	LITERAL  shift 27
	ID  shift 28
	FLIT  shift 29
	BLIT  shift 30
	MX  shift 31
	.  error

	expr  goto 112
	stmt  goto 140


state 140
	stmt : FOR LPAREN expr_opt SEMI expr SEMI expr_opt RPAREN stmt .  (59)

	.  reduce 59


53 terminals, 18 nonterminals
70 grammar rules, 141 states
